<?xml version="1.0" encoding="UTF-8"?>
<!-- Generated by org.testng.reporters.JUnitXMLReporter -->
<testsuite ignored="0" hostname="DESKTOP-DJ4FDME" failures="0" tests="3" name="Default test" time="17.781" errors="0" timestamp="2025-05-31T21:17:12 IST">
  <testcase classname="org.wipro.automation.saucedemo.testcases.LoginScenario_DDF" name="tc01_validate_valid_login_func" time="0.571"/>
  <testcase classname="org.wipro.automation.saucedemo.testcases.LoginScenario_DDF" name="tc01_validate_valid_login_func" time="0.497"/>
  <testcase classname="org.wipro.automation.saucedemo.testcases.LoginScenario_DDF" name="tc01_validate_valid_login_func" time="0.537"/>
</testsuite> <!-- Default test -->
