<?xml version="1.0" encoding="UTF-8"?>
<!-- Generated by org.testng.reporters.JUnitXMLReporter -->
<testsuite ignored="29" hostname="DESKTOP-DJ4FDME" failures="7" tests="7" name="Test(failed)" time="0.168" errors="0" timestamp="2025-05-12T20:52:15 IST">
  <testcase classname="demoTestNG.FirstScenario2" name="first_testcase" time="0.039">
    <failure type="java.lang.AssertionError" message="expected [HelloWorld] but found [Hello]">
      <![CDATA[java.lang.AssertionError: expected [HelloWorld] but found [Hello]
at demoTestNG.FirstScenario2.first_testcase(FirstScenario2.java:13)
at java.base/java.util.ArrayList.forEach(ArrayList.java:1511)
... Removed 33 stack frames]]>
    </failure>
  </testcase> <!-- first_testcase -->
  <testcase classname="demoTestNG.FirstScenario2" name="third_testcase" time="0.002">
    <failure type="java.lang.AssertionError" message="expected [HelloWorld] but found [Hello]">
      <![CDATA[java.lang.AssertionError: expected [HelloWorld] but found [Hello]
at demoTestNG.FirstScenario2.third_testcase(FirstScenario2.java:27)
at java.base/java.util.ArrayList.forEach(ArrayList.java:1511)
... Removed 33 stack frames]]>
    </failure>
  </testcase> <!-- third_testcase -->
  <testcase classname="demoTestNG.FirstScenario8" name="second_testcase" time="0.003">
    <failure type="java.lang.AssertionError" message="expected [HelloWorld] but found [Hello]">
      <![CDATA[java.lang.AssertionError: expected [HelloWorld] but found [Hello]
at demoTestNG.FirstScenario8.second_testcase(FirstScenario8.java:20)
at java.base/java.util.ArrayList.forEach(ArrayList.java:1511)
... Removed 33 stack frames]]>
    </failure>
  </testcase> <!-- second_testcase -->
  <testcase classname="demoTestNG.FirstScenario5" name="second_testcase" time="0.002">
    <failure type="java.lang.AssertionError" message="expected [Hello1] but found [Hello]">
      <![CDATA[java.lang.AssertionError: expected [Hello1] but found [Hello]
at demoTestNG.FirstScenario5.second_testcase(FirstScenario5.java:20)
at java.base/java.util.ArrayList.forEach(ArrayList.java:1511)
... Removed 33 stack frames]]>
    </failure>
  </testcase> <!-- second_testcase -->
  <testcase classname="demoTestNG.FirstScenario7" name="fifth_testcase" time="0.002">
    <failure type="java.lang.AssertionError" message="expected [Hello1] but found [Hello]">
      <![CDATA[java.lang.AssertionError: expected [Hello1] but found [Hello]
at demoTestNG.FirstScenario7.fifth_testcase(FirstScenario7.java:39)
at java.base/java.util.ArrayList.forEach(ArrayList.java:1511)
... Removed 33 stack frames]]>
    </failure>
  </testcase> <!-- fifth_testcase -->
  <testcase classname="demoTestNG.FirstScenario6" name="first_testcase" time="0.001">
    <failure type="java.lang.AssertionError" message="expected [HelloWorld] but found [Hello]">
      <![CDATA[java.lang.AssertionError: expected [HelloWorld] but found [Hello]
at demoTestNG.FirstScenario6.first_testcase(FirstScenario6.java:13)
at java.base/java.util.ArrayList.forEach(ArrayList.java:1511)
... Removed 33 stack frames]]>
    </failure>
  </testcase> <!-- first_testcase -->
  <testcase classname="demoTestNG.FirstScenario4" name="forth_testcase" time="0.003">
    <failure type="java.lang.AssertionError" message="expected [HelloWorld] but found [Hello]">
      <![CDATA[java.lang.AssertionError: expected [HelloWorld] but found [Hello]
at demoTestNG.FirstScenario4.forth_testcase(FirstScenario4.java:32)
at java.base/java.util.ArrayList.forEach(ArrayList.java:1511)
... Removed 33 stack frames]]>
    </failure>
  </testcase> <!-- forth_testcase -->
  <testcase classname="demoTestNG.FirstScenario2" name="sixth_testcase" time="0.0">
    <ignored/>
  </testcase> <!-- sixth_testcase -->
  <testcase classname="demoTestNG.FirstScenario4" name="sixth_testcase" time="0.0">
    <ignored/>
  </testcase> <!-- sixth_testcase -->
  <testcase classname="demoTestNG.FirstScenario2" name="second_testcase" time="0.0">
    <ignored/>
  </testcase> <!-- second_testcase -->
  <testcase classname="demoTestNG.FirstScenario4" name="fifth_testcase" time="0.0">
    <ignored/>
  </testcase> <!-- fifth_testcase -->
  <testcase classname="demoTestNG.FirstScenario5" name="first_testcase" time="0.0">
    <ignored/>
  </testcase> <!-- first_testcase -->
  <testcase classname="demoTestNG.FirstScenario4" name="third_testcase" time="0.0">
    <ignored/>
  </testcase> <!-- third_testcase -->
  <testcase classname="demoTestNG.FirstScenario7" name="third_testcase" time="0.0">
    <ignored/>
  </testcase> <!-- third_testcase -->
  <testcase classname="demoTestNG.FirstScenario4" name="first_testcase" time="0.0">
    <ignored/>
  </testcase> <!-- first_testcase -->
  <testcase classname="demoTestNG.FirstScenario2" name="fifth_testcase" time="0.0">
    <ignored/>
  </testcase> <!-- fifth_testcase -->
  <testcase classname="demoTestNG.FirstScenario6" name="third_testcase" time="0.0">
    <ignored/>
  </testcase> <!-- third_testcase -->
  <testcase classname="demoTestNG.FirstScenario7" name="sixth_testcase" time="0.0">
    <ignored/>
  </testcase> <!-- sixth_testcase -->
  <testcase classname="demoTestNG.FirstScenario6" name="second_testcase" time="0.0">
    <ignored/>
  </testcase> <!-- second_testcase -->
  <testcase classname="demoTestNG.FirstScenario7" name="second_testcase" time="0.0">
    <ignored/>
  </testcase> <!-- second_testcase -->
  <testcase classname="demoTestNG.FirstScenario5" name="forth_testcase" time="0.0">
    <ignored/>
  </testcase> <!-- forth_testcase -->
  <testcase classname="demoTestNG.FirstScenario2" name="forth_testcase" time="0.0">
    <ignored/>
  </testcase> <!-- forth_testcase -->
  <testcase classname="demoTestNG.FirstScenario8" name="first_testcase" time="0.0">
    <ignored/>
  </testcase> <!-- first_testcase -->
  <testcase classname="demoTestNG.FirstScenario6" name="sixth_testcase" time="0.0">
    <ignored/>
  </testcase> <!-- sixth_testcase -->
  <testcase classname="demoTestNG.FirstScenario5" name="third_testcase" time="0.0">
    <ignored/>
  </testcase> <!-- third_testcase -->
  <testcase classname="demoTestNG.FirstScenario6" name="fifth_testcase" time="0.0">
    <ignored/>
  </testcase> <!-- fifth_testcase -->
  <testcase classname="demoTestNG.FirstScenario8" name="third_testcase" time="0.0">
    <ignored/>
  </testcase> <!-- third_testcase -->
  <testcase classname="demoTestNG.FirstScenario8" name="forth_testcase" time="0.0">
    <ignored/>
  </testcase> <!-- forth_testcase -->
  <testcase classname="demoTestNG.FirstScenario5" name="sixth_testcase" time="0.0">
    <ignored/>
  </testcase> <!-- sixth_testcase -->
  <testcase classname="demoTestNG.FirstScenario8" name="fifth_testcase" time="0.0">
    <ignored/>
  </testcase> <!-- fifth_testcase -->
  <testcase classname="demoTestNG.FirstScenario7" name="first_testcase" time="0.0">
    <ignored/>
  </testcase> <!-- first_testcase -->
  <testcase classname="demoTestNG.FirstScenario6" name="forth_testcase" time="0.0">
    <ignored/>
  </testcase> <!-- forth_testcase -->
  <testcase classname="demoTestNG.FirstScenario8" name="sixth_testcase" time="0.0">
    <ignored/>
  </testcase> <!-- sixth_testcase -->
  <testcase classname="demoTestNG.FirstScenario7" name="forth_testcase" time="0.0">
    <ignored/>
  </testcase> <!-- forth_testcase -->
  <testcase classname="demoTestNG.FirstScenario5" name="fifth_testcase" time="0.0">
    <ignored/>
  </testcase> <!-- fifth_testcase -->
  <testcase classname="demoTestNG.FirstScenario4" name="second_testcase" time="0.0">
    <ignored/>
  </testcase> <!-- second_testcase -->
</testsuite> <!-- Test(failed) -->
