<?xml version="1.0" encoding="UTF-8"?>
<testng-results ignored="0" total="3" passed="3" failed="0" skipped="0">
  <reporter-output>
  </reporter-output>
  <suite started-at="2025-05-31T21:16:54 IST" name="Default suite" finished-at="2025-05-31T21:17:12 IST" duration-ms="17781">
    <groups>
    </groups>
    <test started-at="2025-05-31T21:16:54 IST" name="Default test" finished-at="2025-05-31T21:17:12 IST" duration-ms="17781">
      <class name="org.wipro.automation.saucedemo.testcases.LoginScenario_DDF">
        <test-method is-config="true" signature="launchBrowser()[pri:0, instance:org.wipro.automation.saucedemo.testcases.LoginScenario_DDF@fbd1f6]" started-at="2025-05-31T21:16:54 IST" name="launchBrowser" finished-at="2025-05-31T21:17:01 IST" duration-ms="7381" status="PASS">
          <reporter-output>
          </reporter-output>
        </test-method> <!-- launchBrowser -->
        <test-method signature="tc01_validate_valid_login_func(java.lang.String,java.lang.String)[pri:0, instance:org.wipro.automation.saucedemo.testcases.LoginScenario_DDF@fbd1f6]" started-at="2025-05-31T21:17:01 IST" name="tc01_validate_valid_login_func" data-provider="ddf" finished-at="2025-05-31T21:17:02 IST" duration-ms="571" status="PASS">
          <params>
            <param index="0">
              <value>
                <![CDATA[standard_user]]>
              </value>
            </param>
            <param index="1">
              <value>
                <![CDATA[secret_sauce]]>
              </value>
            </param>
          </params>
          <reporter-output>
          </reporter-output>
        </test-method> <!-- tc01_validate_valid_login_func -->
        <test-method is-config="true" signature="closerBroser()[pri:0, instance:org.wipro.automation.saucedemo.testcases.LoginScenario_DDF@fbd1f6]" started-at="2025-05-31T21:17:02 IST" name="closerBroser" finished-at="2025-05-31T21:17:02 IST" duration-ms="1" status="PASS">
          <reporter-output>
          </reporter-output>
        </test-method> <!-- closerBroser -->
        <test-method is-config="true" signature="launchBrowser()[pri:0, instance:org.wipro.automation.saucedemo.testcases.LoginScenario_DDF@fbd1f6]" started-at="2025-05-31T21:17:02 IST" name="launchBrowser" finished-at="2025-05-31T21:17:06 IST" duration-ms="4385" status="PASS">
          <reporter-output>
          </reporter-output>
        </test-method> <!-- launchBrowser -->
        <test-method signature="tc01_validate_valid_login_func(java.lang.String,java.lang.String)[pri:0, instance:org.wipro.automation.saucedemo.testcases.LoginScenario_DDF@fbd1f6]" started-at="2025-05-31T21:17:06 IST" name="tc01_validate_valid_login_func" data-provider="ddf" finished-at="2025-05-31T21:17:07 IST" duration-ms="497" status="PASS">
          <params>
            <param index="0">
              <value>
                <![CDATA[locked_out_user]]>
              </value>
            </param>
            <param index="1">
              <value>
                <![CDATA[secret_sauce]]>
              </value>
            </param>
          </params>
          <reporter-output>
          </reporter-output>
        </test-method> <!-- tc01_validate_valid_login_func -->
        <test-method is-config="true" signature="closerBroser()[pri:0, instance:org.wipro.automation.saucedemo.testcases.LoginScenario_DDF@fbd1f6]" started-at="2025-05-31T21:17:07 IST" name="closerBroser" finished-at="2025-05-31T21:17:07 IST" duration-ms="2" status="PASS">
          <reporter-output>
          </reporter-output>
        </test-method> <!-- closerBroser -->
        <test-method is-config="true" signature="launchBrowser()[pri:0, instance:org.wipro.automation.saucedemo.testcases.LoginScenario_DDF@fbd1f6]" started-at="2025-05-31T21:17:07 IST" name="launchBrowser" finished-at="2025-05-31T21:17:11 IST" duration-ms="4275" status="PASS">
          <reporter-output>
          </reporter-output>
        </test-method> <!-- launchBrowser -->
        <test-method signature="tc01_validate_valid_login_func(java.lang.String,java.lang.String)[pri:0, instance:org.wipro.automation.saucedemo.testcases.LoginScenario_DDF@fbd1f6]" started-at="2025-05-31T21:17:11 IST" name="tc01_validate_valid_login_func" data-provider="ddf" finished-at="2025-05-31T21:17:12 IST" duration-ms="537" status="PASS">
          <params>
            <param index="0">
              <value>
                <![CDATA[problem_user]]>
              </value>
            </param>
            <param index="1">
              <value>
                <![CDATA[secret_sauce]]>
              </value>
            </param>
          </params>
          <reporter-output>
          </reporter-output>
        </test-method> <!-- tc01_validate_valid_login_func -->
        <test-method is-config="true" signature="closerBroser()[pri:0, instance:org.wipro.automation.saucedemo.testcases.LoginScenario_DDF@fbd1f6]" started-at="2025-05-31T21:17:12 IST" name="closerBroser" finished-at="2025-05-31T21:17:12 IST" duration-ms="2" status="PASS">
          <reporter-output>
          </reporter-output>
        </test-method> <!-- closerBroser -->
      </class> <!-- org.wipro.automation.saucedemo.testcases.LoginScenario_DDF -->
    </test> <!-- Default test -->
  </suite> <!-- Default suite -->
</testng-results>
